Analysis & Synthesis report for Part3
Tue Oct  8 16:16:45 2024
Quartus Prime Version 21.1.0 Build 842 10/21/2021 SJ Lite Edition


---------------------
; Table of Contents ;
---------------------
  1. Legal Notice
  2. Analysis & Synthesis Summary
  3. Analysis & Synthesis Settings
  4. Parallel Compilation
  5. Analysis & Synthesis Source Files Read
  6. Analysis & Synthesis Resource Usage Summary
  7. Analysis & Synthesis Resource Utilization by Entity
  8. Analysis & Synthesis RAM Summary
  9. General Register Statistics
 10. Registers Packed Into Inferred Megafunctions
 11. Source assignments for ram32x4:memoria|altsyncram:memory_array_rtl_0|altsyncram_svm1:auto_generated
 12. Parameter Settings for Inferred Entity Instance: ram32x4:memoria|altsyncram:memory_array_rtl_0
 13. altsyncram Parameter Settings by Entity Instance
 14. Port Connectivity Checks: "display_7seg:display5"
 15. Post-Synthesis Netlist Statistics for Top Partition
 16. Elapsed Time Per Partition
 17. Analysis & Synthesis Messages



----------------
; Legal Notice ;
----------------
Copyright (C) 2021  Intel Corporation. All rights reserved.
Your use of Intel Corporation's design tools, logic functions 
and other software and tools, and any partner logic 
functions, and any output files from any of the foregoing 
(including device programming or simulation files), and any 
associated documentation or information are expressly subject 
to the terms and conditions of the Intel Program License 
Subscription Agreement, the Intel Quartus Prime License Agreement,
the Intel FPGA IP License Agreement, or other applicable license
agreement, including, without limitation, that your use is for
the sole purpose of programming logic devices manufactured by
Intel and sold by Intel or its authorized distributors.  Please
refer to the applicable agreement for further details, at
https://fpgasoftware.intel.com/eula.



+-------------------------------------------------------------------------------+
; Analysis & Synthesis Summary                                                  ;
+---------------------------------+---------------------------------------------+
; Analysis & Synthesis Status     ; Successful - Tue Oct  8 16:16:45 2024       ;
; Quartus Prime Version           ; 21.1.0 Build 842 10/21/2021 SJ Lite Edition ;
; Revision Name                   ; Part3                                       ;
; Top-level Entity Name           ; MemoryBlocks3                               ;
; Family                          ; Cyclone V                                   ;
; Logic utilization (in ALMs)     ; N/A                                         ;
; Total registers                 ; 0                                           ;
; Total pins                      ; 43                                          ;
; Total virtual pins              ; 0                                           ;
; Total block memory bits         ; 128                                         ;
; Total DSP Blocks                ; 0                                           ;
; Total HSSI RX PCSs              ; 0                                           ;
; Total HSSI PMA RX Deserializers ; 0                                           ;
; Total HSSI TX PCSs              ; 0                                           ;
; Total HSSI PMA TX Serializers   ; 0                                           ;
; Total PLLs                      ; 0                                           ;
; Total DLLs                      ; 0                                           ;
+---------------------------------+---------------------------------------------+


+---------------------------------------------------------------------------------------------------------------------------+
; Analysis & Synthesis Settings                                                                                             ;
+---------------------------------------------------------------------------------+--------------------+--------------------+
; Option                                                                          ; Setting            ; Default Value      ;
+---------------------------------------------------------------------------------+--------------------+--------------------+
; Device                                                                          ; 5CEBA4F23C7        ;                    ;
; Top-level entity name                                                           ; MemoryBlocks3      ; Part3              ;
; Family name                                                                     ; Cyclone V          ; Cyclone V          ;
; Use smart compilation                                                           ; Off                ; Off                ;
; Enable parallel Assembler and Timing Analyzer during compilation                ; On                 ; On                 ;
; Enable compact report table                                                     ; Off                ; Off                ;
; Restructure Multiplexers                                                        ; Auto               ; Auto               ;
; MLAB Add Timing Constraints For Mixed-Port Feed-Through Mode Setting Don't Care ; Off                ; Off                ;
; Create Debugging Nodes for IP Cores                                             ; Off                ; Off                ;
; Preserve fewer node names                                                       ; On                 ; On                 ;
; Intel FPGA IP Evaluation Mode                                                   ; Enable             ; Enable             ;
; Verilog Version                                                                 ; Verilog_2001       ; Verilog_2001       ;
; VHDL Version                                                                    ; VHDL_1993          ; VHDL_1993          ;
; State Machine Processing                                                        ; Auto               ; Auto               ;
; Safe State Machine                                                              ; Off                ; Off                ;
; Extract Verilog State Machines                                                  ; On                 ; On                 ;
; Extract VHDL State Machines                                                     ; On                 ; On                 ;
; Ignore Verilog initial constructs                                               ; Off                ; Off                ;
; Iteration limit for constant Verilog loops                                      ; 5000               ; 5000               ;
; Iteration limit for non-constant Verilog loops                                  ; 250                ; 250                ;
; Add Pass-Through Logic to Inferred RAMs                                         ; On                 ; On                 ;
; Infer RAMs from Raw Logic                                                       ; On                 ; On                 ;
; Parallel Synthesis                                                              ; On                 ; On                 ;
; DSP Block Balancing                                                             ; Auto               ; Auto               ;
; NOT Gate Push-Back                                                              ; On                 ; On                 ;
; Power-Up Don't Care                                                             ; On                 ; On                 ;
; Remove Redundant Logic Cells                                                    ; Off                ; Off                ;
; Remove Duplicate Registers                                                      ; On                 ; On                 ;
; Ignore CARRY Buffers                                                            ; Off                ; Off                ;
; Ignore CASCADE Buffers                                                          ; Off                ; Off                ;
; Ignore GLOBAL Buffers                                                           ; Off                ; Off                ;
; Ignore ROW GLOBAL Buffers                                                       ; Off                ; Off                ;
; Ignore LCELL Buffers                                                            ; Off                ; Off                ;
; Ignore SOFT Buffers                                                             ; On                 ; On                 ;
; Limit AHDL Integers to 32 Bits                                                  ; Off                ; Off                ;
; Optimization Technique                                                          ; Balanced           ; Balanced           ;
; Carry Chain Length                                                              ; 70                 ; 70                 ;
; Auto Carry Chains                                                               ; On                 ; On                 ;
; Auto Open-Drain Pins                                                            ; On                 ; On                 ;
; Perform WYSIWYG Primitive Resynthesis                                           ; Off                ; Off                ;
; Auto ROM Replacement                                                            ; On                 ; On                 ;
; Auto RAM Replacement                                                            ; On                 ; On                 ;
; Auto DSP Block Replacement                                                      ; On                 ; On                 ;
; Auto Shift Register Replacement                                                 ; Auto               ; Auto               ;
; Allow Shift Register Merging across Hierarchies                                 ; Auto               ; Auto               ;
; Auto Clock Enable Replacement                                                   ; On                 ; On                 ;
; Strict RAM Replacement                                                          ; Off                ; Off                ;
; Allow Synchronous Control Signals                                               ; On                 ; On                 ;
; Force Use of Synchronous Clear Signals                                          ; Off                ; Off                ;
; Auto Resource Sharing                                                           ; Off                ; Off                ;
; Allow Any RAM Size For Recognition                                              ; Off                ; Off                ;
; Allow Any ROM Size For Recognition                                              ; Off                ; Off                ;
; Allow Any Shift Register Size For Recognition                                   ; Off                ; Off                ;
; Use LogicLock Constraints during Resource Balancing                             ; On                 ; On                 ;
; Ignore translate_off and synthesis_off directives                               ; Off                ; Off                ;
; Timing-Driven Synthesis                                                         ; On                 ; On                 ;
; Report Parameter Settings                                                       ; On                 ; On                 ;
; Report Source Assignments                                                       ; On                 ; On                 ;
; Report Connectivity Checks                                                      ; On                 ; On                 ;
; Ignore Maximum Fan-Out Assignments                                              ; Off                ; Off                ;
; Synchronization Register Chain Length                                           ; 3                  ; 3                  ;
; Power Optimization During Synthesis                                             ; Normal compilation ; Normal compilation ;
; HDL message level                                                               ; Level2             ; Level2             ;
; Suppress Register Optimization Related Messages                                 ; Off                ; Off                ;
; Number of Removed Registers Reported in Synthesis Report                        ; 5000               ; 5000               ;
; Number of Swept Nodes Reported in Synthesis Report                              ; 5000               ; 5000               ;
; Number of Inverted Registers Reported in Synthesis Report                       ; 100                ; 100                ;
; Clock MUX Protection                                                            ; On                 ; On                 ;
; Auto Gated Clock Conversion                                                     ; Off                ; Off                ;
; Block Design Naming                                                             ; Auto               ; Auto               ;
; SDC constraint protection                                                       ; Off                ; Off                ;
; Synthesis Effort                                                                ; Auto               ; Auto               ;
; Shift Register Replacement - Allow Asynchronous Clear Signal                    ; On                 ; On                 ;
; Pre-Mapping Resynthesis Optimization                                            ; Off                ; Off                ;
; Analysis & Synthesis Message Level                                              ; Medium             ; Medium             ;
; Disable Register Merging Across Hierarchies                                     ; Auto               ; Auto               ;
; Resource Aware Inference For Block RAM                                          ; On                 ; On                 ;
; Automatic Parallel Synthesis                                                    ; On                 ; On                 ;
; Partial Reconfiguration Bitstream ID                                            ; Off                ; Off                ;
+---------------------------------------------------------------------------------+--------------------+--------------------+


+------------------------------------------+
; Parallel Compilation                     ;
+----------------------------+-------------+
; Processors                 ; Number      ;
+----------------------------+-------------+
; Number detected on machine ; 4           ;
; Maximum allowed            ; 4           ;
;                            ;             ;
; Average used               ; 1.00        ;
; Maximum used               ; 1           ;
;                            ;             ;
; Usage by Processor         ; % Time Used ;
;     Processor 1            ; 100.0%      ;
+----------------------------+-------------+


+----------------------------------------------------------------------------------------------------------------------------------------------------------------------------+
; Analysis & Synthesis Source Files Read                                                                                                                                     ;
+----------------------------------+-----------------+------------------------------+------------------------------------------------------------------------------+---------+
; File Name with User-Entered Path ; Used in Netlist ; File Type                    ; File Name with Absolute Path                                                 ; Library ;
+----------------------------------+-----------------+------------------------------+------------------------------------------------------------------------------+---------+
; display_7seg.vhd                 ; yes             ; User VHDL File               ; C:/Users/15452718/Downloads/Part3/display_7seg.vhd                           ;         ;
; MemoryBlocks3.vhd                ; yes             ; User VHDL File               ; C:/Users/15452718/Downloads/Part3/MemoryBlocks3.vhd                          ;         ;
; altsyncram.tdf                   ; yes             ; Megafunction                 ; c:/intelfpga_lite/21.1/quartus/libraries/megafunctions/altsyncram.tdf        ;         ;
; stratix_ram_block.inc            ; yes             ; Megafunction                 ; c:/intelfpga_lite/21.1/quartus/libraries/megafunctions/stratix_ram_block.inc ;         ;
; lpm_mux.inc                      ; yes             ; Megafunction                 ; c:/intelfpga_lite/21.1/quartus/libraries/megafunctions/lpm_mux.inc           ;         ;
; lpm_decode.inc                   ; yes             ; Megafunction                 ; c:/intelfpga_lite/21.1/quartus/libraries/megafunctions/lpm_decode.inc        ;         ;
; aglobal211.inc                   ; yes             ; Megafunction                 ; c:/intelfpga_lite/21.1/quartus/libraries/megafunctions/aglobal211.inc        ;         ;
; a_rdenreg.inc                    ; yes             ; Megafunction                 ; c:/intelfpga_lite/21.1/quartus/libraries/megafunctions/a_rdenreg.inc         ;         ;
; altrom.inc                       ; yes             ; Megafunction                 ; c:/intelfpga_lite/21.1/quartus/libraries/megafunctions/altrom.inc            ;         ;
; altram.inc                       ; yes             ; Megafunction                 ; c:/intelfpga_lite/21.1/quartus/libraries/megafunctions/altram.inc            ;         ;
; altdpram.inc                     ; yes             ; Megafunction                 ; c:/intelfpga_lite/21.1/quartus/libraries/megafunctions/altdpram.inc          ;         ;
; db/altsyncram_svm1.tdf           ; yes             ; Auto-Generated Megafunction  ; C:/Users/15452718/Downloads/Part3/db/altsyncram_svm1.tdf                     ;         ;
+----------------------------------+-----------------+------------------------------+------------------------------------------------------------------------------+---------+


+-----------------------------------------------------------------+
; Analysis & Synthesis Resource Usage Summary                     ;
+---------------------------------------------+-------------------+
; Resource                                    ; Usage             ;
+---------------------------------------------+-------------------+
; Estimate of Logic utilization (ALMs needed) ; 11                ;
;                                             ;                   ;
; Combinational ALUT usage for logic          ; 21                ;
;     -- 7 input functions                    ; 0                 ;
;     -- 6 input functions                    ; 0                 ;
;     -- 5 input functions                    ; 0                 ;
;     -- 4 input functions                    ; 21                ;
;     -- <=3 input functions                  ; 0                 ;
;                                             ;                   ;
; Dedicated logic registers                   ; 0                 ;
;                                             ;                   ;
; I/O pins                                    ; 43                ;
; Total MLAB memory bits                      ; 0                 ;
; Total block memory bits                     ; 128               ;
;                                             ;                   ;
; Total DSP Blocks                            ; 0                 ;
;                                             ;                   ;
; Maximum fan-out node                        ; switches[5]~input ;
; Maximum fan-out                             ; 11                ;
; Total fan-out                               ; 192               ;
; Average fan-out                             ; 1.67              ;
+---------------------------------------------+-------------------+


+-----------------------------------------------------------------------------------------------------------------------------------------------------------------------------------------------------------------------------------------------------------------------------------+
; Analysis & Synthesis Resource Utilization by Entity                                                                                                                                                                                                                               ;
+-------------------------------------------+---------------------+---------------------------+-------------------+------------+------+--------------+---------------------------------------------------------------------------------------------+-----------------+--------------+
; Compilation Hierarchy Node                ; Combinational ALUTs ; Dedicated Logic Registers ; Block Memory Bits ; DSP Blocks ; Pins ; Virtual Pins ; Full Hierarchy Name                                                                         ; Entity Name     ; Library Name ;
+-------------------------------------------+---------------------+---------------------------+-------------------+------------+------+--------------+---------------------------------------------------------------------------------------------+-----------------+--------------+
; |MemoryBlocks3                            ; 21 (0)              ; 0 (0)                     ; 128               ; 0          ; 43   ; 0            ; |MemoryBlocks3                                                                              ; MemoryBlocks3   ; work         ;
;    |display_7seg:display0|                ; 7 (7)               ; 0 (0)                     ; 0                 ; 0          ; 0    ; 0            ; |MemoryBlocks3|display_7seg:display0                                                        ; display_7seg    ; work         ;
;    |display_7seg:display2|                ; 7 (7)               ; 0 (0)                     ; 0                 ; 0          ; 0    ; 0            ; |MemoryBlocks3|display_7seg:display2                                                        ; display_7seg    ; work         ;
;    |display_7seg:display4|                ; 7 (7)               ; 0 (0)                     ; 0                 ; 0          ; 0    ; 0            ; |MemoryBlocks3|display_7seg:display4                                                        ; display_7seg    ; work         ;
;    |ram32x4:memoria|                      ; 0 (0)               ; 0 (0)                     ; 128               ; 0          ; 0    ; 0            ; |MemoryBlocks3|ram32x4:memoria                                                              ; ram32x4         ; work         ;
;       |altsyncram:memory_array_rtl_0|     ; 0 (0)               ; 0 (0)                     ; 128               ; 0          ; 0    ; 0            ; |MemoryBlocks3|ram32x4:memoria|altsyncram:memory_array_rtl_0                                ; altsyncram      ; work         ;
;          |altsyncram_svm1:auto_generated| ; 0 (0)               ; 0 (0)                     ; 128               ; 0          ; 0    ; 0            ; |MemoryBlocks3|ram32x4:memoria|altsyncram:memory_array_rtl_0|altsyncram_svm1:auto_generated ; altsyncram_svm1 ; work         ;
+-------------------------------------------+---------------------+---------------------------+-------------------+------------+------+--------------+---------------------------------------------------------------------------------------------+-----------------+--------------+
Note: For table entries with two numbers listed, the numbers in parentheses indicate the number of resources of the given type used by the specific entity alone. The numbers listed outside of parentheses indicate the total resources of the given type used by the specific entity and all of its sub-entities in the hierarchy.


+---------------------------------------------------------------------------------------------------------------------------------------------------------------------------------------------+
; Analysis & Synthesis RAM Summary                                                                                                                                                            ;
+-----------------------------------------------------------------------------------------+------+------------------+--------------+--------------+--------------+--------------+------+------+
; Name                                                                                    ; Type ; Mode             ; Port A Depth ; Port A Width ; Port B Depth ; Port B Width ; Size ; MIF  ;
+-----------------------------------------------------------------------------------------+------+------------------+--------------+--------------+--------------+--------------+------+------+
; ram32x4:memoria|altsyncram:memory_array_rtl_0|altsyncram_svm1:auto_generated|ALTSYNCRAM ; AUTO ; Simple Dual Port ; 32           ; 4            ; 32           ; 4            ; 128  ; None ;
+-----------------------------------------------------------------------------------------+------+------------------+--------------+--------------+--------------+--------------+------+------+


+------------------------------------------------------+
; General Register Statistics                          ;
+----------------------------------------------+-------+
; Statistic                                    ; Value ;
+----------------------------------------------+-------+
; Total registers                              ; 0     ;
; Number of registers using Synchronous Clear  ; 0     ;
; Number of registers using Synchronous Load   ; 0     ;
; Number of registers using Asynchronous Clear ; 0     ;
; Number of registers using Asynchronous Load  ; 0     ;
; Number of registers using Clock Enable       ; 0     ;
; Number of registers using Preset             ; 0     ;
+----------------------------------------------+-------+


+---------------------------------------------------------------------+
; Registers Packed Into Inferred Megafunctions                        ;
+-------------------------+------------------------------------+------+
; Register Name           ; Megafunction                       ; Type ;
+-------------------------+------------------------------------+------+
; ram32x4:memoria|q[0..3] ; ram32x4:memoria|memory_array_rtl_0 ; RAM  ;
+-------------------------+------------------------------------+------+


+-----------------------------------------------------------------------------------------------------+
; Source assignments for ram32x4:memoria|altsyncram:memory_array_rtl_0|altsyncram_svm1:auto_generated ;
+---------------------------------+--------------------+------+---------------------------------------+
; Assignment                      ; Value              ; From ; To                                    ;
+---------------------------------+--------------------+------+---------------------------------------+
; OPTIMIZE_POWER_DURING_SYNTHESIS ; NORMAL_COMPILATION ; -    ; -                                     ;
+---------------------------------+--------------------+------+---------------------------------------+


+------------------------------------------------------------------------------------------------+
; Parameter Settings for Inferred Entity Instance: ram32x4:memoria|altsyncram:memory_array_rtl_0 ;
+------------------------------------+----------------------+------------------------------------+
; Parameter Name                     ; Value                ; Type                               ;
+------------------------------------+----------------------+------------------------------------+
; BYTE_SIZE_BLOCK                    ; 8                    ; Untyped                            ;
; AUTO_CARRY_CHAINS                  ; ON                   ; AUTO_CARRY                         ;
; IGNORE_CARRY_BUFFERS               ; OFF                  ; IGNORE_CARRY                       ;
; AUTO_CASCADE_CHAINS                ; ON                   ; AUTO_CASCADE                       ;
; IGNORE_CASCADE_BUFFERS             ; OFF                  ; IGNORE_CASCADE                     ;
; WIDTH_BYTEENA                      ; 1                    ; Untyped                            ;
; OPERATION_MODE                     ; DUAL_PORT            ; Untyped                            ;
; WIDTH_A                            ; 4                    ; Untyped                            ;
; WIDTHAD_A                          ; 5                    ; Untyped                            ;
; NUMWORDS_A                         ; 32                   ; Untyped                            ;
; OUTDATA_REG_A                      ; UNREGISTERED         ; Untyped                            ;
; ADDRESS_ACLR_A                     ; NONE                 ; Untyped                            ;
; OUTDATA_ACLR_A                     ; NONE                 ; Untyped                            ;
; WRCONTROL_ACLR_A                   ; NONE                 ; Untyped                            ;
; INDATA_ACLR_A                      ; NONE                 ; Untyped                            ;
; BYTEENA_ACLR_A                     ; NONE                 ; Untyped                            ;
; WIDTH_B                            ; 4                    ; Untyped                            ;
; WIDTHAD_B                          ; 5                    ; Untyped                            ;
; NUMWORDS_B                         ; 32                   ; Untyped                            ;
; INDATA_REG_B                       ; CLOCK1               ; Untyped                            ;
; WRCONTROL_WRADDRESS_REG_B          ; CLOCK1               ; Untyped                            ;
; RDCONTROL_REG_B                    ; CLOCK1               ; Untyped                            ;
; ADDRESS_REG_B                      ; CLOCK0               ; Untyped                            ;
; OUTDATA_REG_B                      ; UNREGISTERED         ; Untyped                            ;
; BYTEENA_REG_B                      ; CLOCK1               ; Untyped                            ;
; INDATA_ACLR_B                      ; NONE                 ; Untyped                            ;
; WRCONTROL_ACLR_B                   ; NONE                 ; Untyped                            ;
; ADDRESS_ACLR_B                     ; NONE                 ; Untyped                            ;
; OUTDATA_ACLR_B                     ; NONE                 ; Untyped                            ;
; RDCONTROL_ACLR_B                   ; NONE                 ; Untyped                            ;
; BYTEENA_ACLR_B                     ; NONE                 ; Untyped                            ;
; WIDTH_BYTEENA_A                    ; 1                    ; Untyped                            ;
; WIDTH_BYTEENA_B                    ; 1                    ; Untyped                            ;
; RAM_BLOCK_TYPE                     ; AUTO                 ; Untyped                            ;
; BYTE_SIZE                          ; 8                    ; Untyped                            ;
; READ_DURING_WRITE_MODE_MIXED_PORTS ; OLD_DATA             ; Untyped                            ;
; READ_DURING_WRITE_MODE_PORT_A      ; NEW_DATA_NO_NBE_READ ; Untyped                            ;
; READ_DURING_WRITE_MODE_PORT_B      ; NEW_DATA_NO_NBE_READ ; Untyped                            ;
; INIT_FILE                          ; UNUSED               ; Untyped                            ;
; INIT_FILE_LAYOUT                   ; PORT_A               ; Untyped                            ;
; MAXIMUM_DEPTH                      ; 0                    ; Untyped                            ;
; CLOCK_ENABLE_INPUT_A               ; NORMAL               ; Untyped                            ;
; CLOCK_ENABLE_INPUT_B               ; NORMAL               ; Untyped                            ;
; CLOCK_ENABLE_OUTPUT_A              ; NORMAL               ; Untyped                            ;
; CLOCK_ENABLE_OUTPUT_B              ; NORMAL               ; Untyped                            ;
; CLOCK_ENABLE_CORE_A                ; USE_INPUT_CLKEN      ; Untyped                            ;
; CLOCK_ENABLE_CORE_B                ; USE_INPUT_CLKEN      ; Untyped                            ;
; ENABLE_ECC                         ; FALSE                ; Untyped                            ;
; ECC_PIPELINE_STAGE_ENABLED         ; FALSE                ; Untyped                            ;
; WIDTH_ECCSTATUS                    ; 3                    ; Untyped                            ;
; DEVICE_FAMILY                      ; Cyclone V            ; Untyped                            ;
; CBXI_PARAMETER                     ; altsyncram_svm1      ; Untyped                            ;
+------------------------------------+----------------------+------------------------------------+
Note: In order to hide this table in the UI and the text report file, please set the "Show Parameter Settings in Synthesis Report" option in "Analysis and Synthesis Settings -> More Settings" to "Off".


+-------------------------------------------------------------------------------------------+
; altsyncram Parameter Settings by Entity Instance                                          ;
+-------------------------------------------+-----------------------------------------------+
; Name                                      ; Value                                         ;
+-------------------------------------------+-----------------------------------------------+
; Number of entity instances                ; 1                                             ;
; Entity Instance                           ; ram32x4:memoria|altsyncram:memory_array_rtl_0 ;
;     -- OPERATION_MODE                     ; DUAL_PORT                                     ;
;     -- WIDTH_A                            ; 4                                             ;
;     -- NUMWORDS_A                         ; 32                                            ;
;     -- OUTDATA_REG_A                      ; UNREGISTERED                                  ;
;     -- WIDTH_B                            ; 4                                             ;
;     -- NUMWORDS_B                         ; 32                                            ;
;     -- ADDRESS_REG_B                      ; CLOCK0                                        ;
;     -- OUTDATA_REG_B                      ; UNREGISTERED                                  ;
;     -- RAM_BLOCK_TYPE                     ; AUTO                                          ;
;     -- READ_DURING_WRITE_MODE_MIXED_PORTS ; OLD_DATA                                      ;
+-------------------------------------------+-----------------------------------------------+


+---------------------------------------------------+
; Port Connectivity Checks: "display_7seg:display5" ;
+--------+-------+----------+-----------------------+
; Port   ; Type  ; Severity ; Details               ;
+--------+-------+----------+-----------------------+
; input2 ; Input ; Info     ; Stuck at GND          ;
; input3 ; Input ; Info     ; Stuck at GND          ;
; input4 ; Input ; Info     ; Stuck at GND          ;
+--------+-------+----------+-----------------------+


+-----------------------------------------------------+
; Post-Synthesis Netlist Statistics for Top Partition ;
+-----------------------+-----------------------------+
; Type                  ; Count                       ;
+-----------------------+-----------------------------+
; arriav_io_obuf        ; 4                           ;
; arriav_lcell_comb     ; 23                          ;
;     normal            ; 23                          ;
;         0 data inputs ; 2                           ;
;         4 data inputs ; 21                          ;
; boundary_port         ; 43                          ;
; stratixv_ram_block    ; 4                           ;
;                       ;                             ;
; Max LUT depth         ; 1.00                        ;
; Average LUT depth     ; 0.79                        ;
+-----------------------+-----------------------------+


+-------------------------------+
; Elapsed Time Per Partition    ;
+----------------+--------------+
; Partition Name ; Elapsed Time ;
+----------------+--------------+
; Top            ; 00:00:00     ;
+----------------+--------------+


+-------------------------------+
; Analysis & Synthesis Messages ;
+-------------------------------+
Info: *******************************************************************
Info: Running Quartus Prime Analysis & Synthesis
    Info: Version 21.1.0 Build 842 10/21/2021 SJ Lite Edition
    Info: Processing started: Tue Oct  8 16:16:37 2024
Info: Command: quartus_map --read_settings_files=on --write_settings_files=off Part3 -c Part3
Warning (18236): Number of processors has not been specified which may cause overloading on shared machines.  Set the global assignment NUM_PARALLEL_PROCESSORS in your QSF to an appropriate value for best performance.
Info (20030): Parallel compilation is enabled and will use 4 of the 4 processors detected
Info (12021): Found 2 design units, including 1 entities, in source file display_7seg.vhd
    Info (12022): Found design unit 1: display_7seg-bdf_type File: C:/Users/15452718/Downloads/Part3/display_7seg.vhd Line: 23
    Info (12023): Found entity 1: display_7seg File: C:/Users/15452718/Downloads/Part3/display_7seg.vhd Line: 6
Info (12021): Found 4 design units, including 2 entities, in source file memoryblocks3.vhd
    Info (12022): Found design unit 1: ram32x4-memoriaRam File: C:/Users/15452718/Downloads/Part3/MemoryBlocks3.vhd Line: 35
    Info (12022): Found design unit 2: MemoryBlocks3-Behavioral File: C:/Users/15452718/Downloads/Part3/MemoryBlocks3.vhd Line: 50
    Info (12023): Found entity 1: MemoryBlocks3 File: C:/Users/15452718/Downloads/Part3/MemoryBlocks3.vhd Line: 6
    Info (12023): Found entity 2: ram32x4 File: C:/Users/15452718/Downloads/Part3/MemoryBlocks3.vhd Line: 24
Info (12127): Elaborating entity "MemoryBlocks3" for the top level hierarchy
Info (12129): Elaborating entity "ram32x4" using architecture "A:memoriaram" for hierarchy "ram32x4:memoria" File: C:/Users/15452718/Downloads/Part3/MemoryBlocks3.vhd Line: 70
Info (12128): Elaborating entity "display_7seg" for hierarchy "display_7seg:display0" File: C:/Users/15452718/Downloads/Part3/MemoryBlocks3.vhd Line: 72
Info (19000): Inferred 1 megafunctions from design logic
    Info (276029): Inferred altsyncram megafunction from the following design logic: "ram32x4:memoria|memory_array_rtl_0" 
        Info (286033): Parameter OPERATION_MODE set to DUAL_PORT
        Info (286033): Parameter WIDTH_A set to 4
        Info (286033): Parameter WIDTHAD_A set to 5
        Info (286033): Parameter NUMWORDS_A set to 32
        Info (286033): Parameter WIDTH_B set to 4
        Info (286033): Parameter WIDTHAD_B set to 5
        Info (286033): Parameter NUMWORDS_B set to 32
        Info (286033): Parameter ADDRESS_ACLR_A set to NONE
        Info (286033): Parameter OUTDATA_REG_B set to UNREGISTERED
        Info (286033): Parameter ADDRESS_ACLR_B set to NONE
        Info (286033): Parameter OUTDATA_ACLR_B set to NONE
        Info (286033): Parameter ADDRESS_REG_B set to CLOCK0
        Info (286033): Parameter INDATA_ACLR_A set to NONE
        Info (286033): Parameter WRCONTROL_ACLR_A set to NONE
        Info (286033): Parameter READ_DURING_WRITE_MODE_MIXED_PORTS set to OLD_DATA
Info (12130): Elaborated megafunction instantiation "ram32x4:memoria|altsyncram:memory_array_rtl_0"
Info (12133): Instantiated megafunction "ram32x4:memoria|altsyncram:memory_array_rtl_0" with the following parameter:
    Info (12134): Parameter "OPERATION_MODE" = "DUAL_PORT"
    Info (12134): Parameter "WIDTH_A" = "4"
    Info (12134): Parameter "WIDTHAD_A" = "5"
    Info (12134): Parameter "NUMWORDS_A" = "32"
    Info (12134): Parameter "WIDTH_B" = "4"
    Info (12134): Parameter "WIDTHAD_B" = "5"
    Info (12134): Parameter "NUMWORDS_B" = "32"
    Info (12134): Parameter "ADDRESS_ACLR_A" = "NONE"
    Info (12134): Parameter "OUTDATA_REG_B" = "UNREGISTERED"
    Info (12134): Parameter "ADDRESS_ACLR_B" = "NONE"
    Info (12134): Parameter "OUTDATA_ACLR_B" = "NONE"
    Info (12134): Parameter "ADDRESS_REG_B" = "CLOCK0"
    Info (12134): Parameter "INDATA_ACLR_A" = "NONE"
    Info (12134): Parameter "WRCONTROL_ACLR_A" = "NONE"
    Info (12134): Parameter "READ_DURING_WRITE_MODE_MIXED_PORTS" = "OLD_DATA"
Info (12021): Found 1 design units, including 1 entities, in source file db/altsyncram_svm1.tdf
    Info (12023): Found entity 1: altsyncram_svm1 File: C:/Users/15452718/Downloads/Part3/db/altsyncram_svm1.tdf Line: 28
Warning (13034): The following nodes have both tri-state and non-tri-state drivers
    Warning (13035): Inserted always-enabled tri-state buffer between "DataOut[1]" and its non-tri-state driver. File: C:/Users/15452718/Downloads/Part3/MemoryBlocks3.vhd Line: 8
    Warning (13035): Inserted always-enabled tri-state buffer between "DataOut[0]" and its non-tri-state driver. File: C:/Users/15452718/Downloads/Part3/MemoryBlocks3.vhd Line: 8
    Warning (13035): Inserted always-enabled tri-state buffer between "DataOut[3]" and its non-tri-state driver. File: C:/Users/15452718/Downloads/Part3/MemoryBlocks3.vhd Line: 8
    Warning (13035): Inserted always-enabled tri-state buffer between "DataOut[2]" and its non-tri-state driver. File: C:/Users/15452718/Downloads/Part3/MemoryBlocks3.vhd Line: 8
Info (13060): One or more bidirectional pins are fed by always enabled tri-state buffers
    Info (13061): Fan-out of permanently enabled tri-state buffer feeding bidirectional pin "DataOut[1]" is moved to its source File: C:/Users/15452718/Downloads/Part3/MemoryBlocks3.vhd Line: 8
    Info (13061): Fan-out of permanently enabled tri-state buffer feeding bidirectional pin "DataOut[0]" is moved to its source File: C:/Users/15452718/Downloads/Part3/MemoryBlocks3.vhd Line: 8
    Info (13061): Fan-out of permanently enabled tri-state buffer feeding bidirectional pin "DataOut[3]" is moved to its source File: C:/Users/15452718/Downloads/Part3/MemoryBlocks3.vhd Line: 8
    Info (13061): Fan-out of permanently enabled tri-state buffer feeding bidirectional pin "DataOut[2]" is moved to its source File: C:/Users/15452718/Downloads/Part3/MemoryBlocks3.vhd Line: 8
Warning (13009): TRI or OPNDRN buffers permanently enabled
    Warning (13010): Node "DataOut[0]~synth" File: C:/Users/15452718/Downloads/Part3/MemoryBlocks3.vhd Line: 8
    Warning (13010): Node "DataOut[1]~synth" File: C:/Users/15452718/Downloads/Part3/MemoryBlocks3.vhd Line: 8
    Warning (13010): Node "DataOut[2]~synth" File: C:/Users/15452718/Downloads/Part3/MemoryBlocks3.vhd Line: 8
    Warning (13010): Node "DataOut[3]~synth" File: C:/Users/15452718/Downloads/Part3/MemoryBlocks3.vhd Line: 8
Warning (13024): Output pins are stuck at VCC or GND
    Warning (13410): Pin "HEX5[1]" is stuck at GND File: C:/Users/15452718/Downloads/Part3/MemoryBlocks3.vhd Line: 14
    Warning (13410): Pin "HEX5[2]" is stuck at GND File: C:/Users/15452718/Downloads/Part3/MemoryBlocks3.vhd Line: 14
    Warning (13410): Pin "HEX5[6]" is stuck at VCC File: C:/Users/15452718/Downloads/Part3/MemoryBlocks3.vhd Line: 14
Info (286030): Timing-Driven Synthesis is running
Info (16010): Generating hard_block partition "hard_block:auto_generated_inst"
    Info (16011): Adding 0 node(s), including 0 DDIO, 0 PLL, 0 transceiver and 0 LCELL
Info (21057): Implemented 68 device resources after synthesis - the final resource count might be different
    Info (21058): Implemented 11 input pins
    Info (21059): Implemented 28 output pins
    Info (21060): Implemented 4 bidirectional pins
    Info (21061): Implemented 21 logic cells
    Info (21064): Implemented 4 RAM segments
Info: Quartus Prime Analysis & Synthesis was successful. 0 errors, 15 warnings
    Info: Peak virtual memory: 4861 megabytes
    Info: Processing ended: Tue Oct  8 16:16:45 2024
    Info: Elapsed time: 00:00:08
    Info: Total CPU time (on all processors): 00:00:17


