Analysis & Synthesis report for RotateOnSixDisplays
Tue Sep 17 17:01:37 2024
Quartus Prime Version 21.1.0 Build 842 10/21/2021 SJ Lite Edition


---------------------
; Table of Contents ;
---------------------
  1. Legal Notice
  2. Analysis & Synthesis Summary
  3. Analysis & Synthesis Settings
  4. Parallel Compilation
  5. Analysis & Synthesis Source Files Read
  6. Analysis & Synthesis Resource Usage Summary
  7. Analysis & Synthesis Resource Utilization by Entity
  8. Registers Removed During Synthesis
  9. General Register Statistics
 10. Multiplexer Restructuring Statistics (Restructuring Performed)
 11. Post-Synthesis Netlist Statistics for Top Partition
 12. Elapsed Time Per Partition
 13. Analysis & Synthesis Messages



----------------
; Legal Notice ;
----------------
Copyright (C) 2021  Intel Corporation. All rights reserved.
Your use of Intel Corporation's design tools, logic functions 
and other software and tools, and any partner logic 
functions, and any output files from any of the foregoing 
(including device programming or simulation files), and any 
associated documentation or information are expressly subject 
to the terms and conditions of the Intel Program License 
Subscription Agreement, the Intel Quartus Prime License Agreement,
the Intel FPGA IP License Agreement, or other applicable license
agreement, including, without limitation, that your use is for
the sole purpose of programming logic devices manufactured by
Intel and sold by Intel or its authorized distributors.  Please
refer to the applicable agreement for further details, at
https://fpgasoftware.intel.com/eula.



+-------------------------------------------------------------------------------+
; Analysis & Synthesis Summary                                                  ;
+---------------------------------+---------------------------------------------+
; Analysis & Synthesis Status     ; Successful - Tue Sep 17 17:01:37 2024       ;
; Quartus Prime Version           ; 21.1.0 Build 842 10/21/2021 SJ Lite Edition ;
; Revision Name                   ; RotateOnSixDisplays                         ;
; Top-level Entity Name           ; RotateOnSixDisplays                         ;
; Family                          ; Cyclone V                                   ;
; Logic utilization (in ALMs)     ; N/A                                         ;
; Total registers                 ; 47                                          ;
; Total pins                      ; 48                                          ;
; Total virtual pins              ; 0                                           ;
; Total block memory bits         ; 0                                           ;
; Total DSP Blocks                ; 0                                           ;
; Total HSSI RX PCSs              ; 0                                           ;
; Total HSSI PMA RX Deserializers ; 0                                           ;
; Total HSSI TX PCSs              ; 0                                           ;
; Total HSSI PMA TX Serializers   ; 0                                           ;
; Total PLLs                      ; 0                                           ;
; Total DLLs                      ; 0                                           ;
+---------------------------------+---------------------------------------------+


+-----------------------------------------------------------------------------------------------------------------------------+
; Analysis & Synthesis Settings                                                                                               ;
+---------------------------------------------------------------------------------+---------------------+---------------------+
; Option                                                                          ; Setting             ; Default Value       ;
+---------------------------------------------------------------------------------+---------------------+---------------------+
; Device                                                                          ; 5CEBA4F23C7         ;                     ;
; Top-level entity name                                                           ; RotateOnSixDisplays ; RotateOnSixDisplays ;
; Family name                                                                     ; Cyclone V           ; Cyclone V           ;
; Use smart compilation                                                           ; Off                 ; Off                 ;
; Enable parallel Assembler and Timing Analyzer during compilation                ; On                  ; On                  ;
; Enable compact report table                                                     ; Off                 ; Off                 ;
; Restructure Multiplexers                                                        ; Auto                ; Auto                ;
; MLAB Add Timing Constraints For Mixed-Port Feed-Through Mode Setting Don't Care ; Off                 ; Off                 ;
; Create Debugging Nodes for IP Cores                                             ; Off                 ; Off                 ;
; Preserve fewer node names                                                       ; On                  ; On                  ;
; Intel FPGA IP Evaluation Mode                                                   ; Enable              ; Enable              ;
; Verilog Version                                                                 ; Verilog_2001        ; Verilog_2001        ;
; VHDL Version                                                                    ; VHDL_1993           ; VHDL_1993           ;
; State Machine Processing                                                        ; Auto                ; Auto                ;
; Safe State Machine                                                              ; Off                 ; Off                 ;
; Extract Verilog State Machines                                                  ; On                  ; On                  ;
; Extract VHDL State Machines                                                     ; On                  ; On                  ;
; Ignore Verilog initial constructs                                               ; Off                 ; Off                 ;
; Iteration limit for constant Verilog loops                                      ; 5000                ; 5000                ;
; Iteration limit for non-constant Verilog loops                                  ; 250                 ; 250                 ;
; Add Pass-Through Logic to Inferred RAMs                                         ; On                  ; On                  ;
; Infer RAMs from Raw Logic                                                       ; On                  ; On                  ;
; Parallel Synthesis                                                              ; On                  ; On                  ;
; DSP Block Balancing                                                             ; Auto                ; Auto                ;
; NOT Gate Push-Back                                                              ; On                  ; On                  ;
; Power-Up Don't Care                                                             ; On                  ; On                  ;
; Remove Redundant Logic Cells                                                    ; Off                 ; Off                 ;
; Remove Duplicate Registers                                                      ; On                  ; On                  ;
; Ignore CARRY Buffers                                                            ; Off                 ; Off                 ;
; Ignore CASCADE Buffers                                                          ; Off                 ; Off                 ;
; Ignore GLOBAL Buffers                                                           ; Off                 ; Off                 ;
; Ignore ROW GLOBAL Buffers                                                       ; Off                 ; Off                 ;
; Ignore LCELL Buffers                                                            ; Off                 ; Off                 ;
; Ignore SOFT Buffers                                                             ; On                  ; On                  ;
; Limit AHDL Integers to 32 Bits                                                  ; Off                 ; Off                 ;
; Optimization Technique                                                          ; Balanced            ; Balanced            ;
; Carry Chain Length                                                              ; 70                  ; 70                  ;
; Auto Carry Chains                                                               ; On                  ; On                  ;
; Auto Open-Drain Pins                                                            ; On                  ; On                  ;
; Perform WYSIWYG Primitive Resynthesis                                           ; Off                 ; Off                 ;
; Auto ROM Replacement                                                            ; On                  ; On                  ;
; Auto RAM Replacement                                                            ; On                  ; On                  ;
; Auto DSP Block Replacement                                                      ; On                  ; On                  ;
; Auto Shift Register Replacement                                                 ; Auto                ; Auto                ;
; Allow Shift Register Merging across Hierarchies                                 ; Auto                ; Auto                ;
; Auto Clock Enable Replacement                                                   ; On                  ; On                  ;
; Strict RAM Replacement                                                          ; Off                 ; Off                 ;
; Allow Synchronous Control Signals                                               ; On                  ; On                  ;
; Force Use of Synchronous Clear Signals                                          ; Off                 ; Off                 ;
; Auto Resource Sharing                                                           ; Off                 ; Off                 ;
; Allow Any RAM Size For Recognition                                              ; Off                 ; Off                 ;
; Allow Any ROM Size For Recognition                                              ; Off                 ; Off                 ;
; Allow Any Shift Register Size For Recognition                                   ; Off                 ; Off                 ;
; Use LogicLock Constraints during Resource Balancing                             ; On                  ; On                  ;
; Ignore translate_off and synthesis_off directives                               ; Off                 ; Off                 ;
; Timing-Driven Synthesis                                                         ; On                  ; On                  ;
; Report Parameter Settings                                                       ; On                  ; On                  ;
; Report Source Assignments                                                       ; On                  ; On                  ;
; Report Connectivity Checks                                                      ; On                  ; On                  ;
; Ignore Maximum Fan-Out Assignments                                              ; Off                 ; Off                 ;
; Synchronization Register Chain Length                                           ; 3                   ; 3                   ;
; Power Optimization During Synthesis                                             ; Normal compilation  ; Normal compilation  ;
; HDL message level                                                               ; Level2              ; Level2              ;
; Suppress Register Optimization Related Messages                                 ; Off                 ; Off                 ;
; Number of Removed Registers Reported in Synthesis Report                        ; 5000                ; 5000                ;
; Number of Swept Nodes Reported in Synthesis Report                              ; 5000                ; 5000                ;
; Number of Inverted Registers Reported in Synthesis Report                       ; 100                 ; 100                 ;
; Clock MUX Protection                                                            ; On                  ; On                  ;
; Auto Gated Clock Conversion                                                     ; Off                 ; Off                 ;
; Block Design Naming                                                             ; Auto                ; Auto                ;
; SDC constraint protection                                                       ; Off                 ; Off                 ;
; Synthesis Effort                                                                ; Auto                ; Auto                ;
; Shift Register Replacement - Allow Asynchronous Clear Signal                    ; On                  ; On                  ;
; Pre-Mapping Resynthesis Optimization                                            ; Off                 ; Off                 ;
; Analysis & Synthesis Message Level                                              ; Medium              ; Medium              ;
; Disable Register Merging Across Hierarchies                                     ; Auto                ; Auto                ;
; Resource Aware Inference For Block RAM                                          ; On                  ; On                  ;
; Automatic Parallel Synthesis                                                    ; On                  ; On                  ;
; Partial Reconfiguration Bitstream ID                                            ; Off                 ; Off                 ;
+---------------------------------------------------------------------------------+---------------------+---------------------+


+------------------------------------------+
; Parallel Compilation                     ;
+----------------------------+-------------+
; Processors                 ; Number      ;
+----------------------------+-------------+
; Number detected on machine ; 4           ;
; Maximum allowed            ; 4           ;
;                            ;             ;
; Average used               ; 1.00        ;
; Maximum used               ; 4           ;
;                            ;             ;
; Usage by Processor         ; % Time Used ;
;     Processor 1            ; 100.0%      ;
;     Processors 2-4         ;   0.0%      ;
+----------------------------+-------------+


+--------------------------------------------------------------------------------------------------------------------------------------------------------+
; Analysis & Synthesis Source Files Read                                                                                                                 ;
+----------------------------------+-----------------+-----------------------+-----------------------------------------------------------------+---------+
; File Name with User-Entered Path ; Used in Netlist ; File Type             ; File Name with Absolute Path                                    ; Library ;
+----------------------------------+-----------------+-----------------------+-----------------------------------------------------------------+---------+
; display_7seg.vhd                 ; yes             ; User VHDL File        ; C:/Users/15484075/Downloads/part1/part2/display_7seg.vhd        ;         ;
; rotateonsixdisplays.vhd          ; yes             ; Auto-Found VHDL File  ; C:/Users/15484075/Downloads/part1/part2/rotateonsixdisplays.vhd ;         ;
+----------------------------------+-----------------+-----------------------+-----------------------------------------------------------------+---------+


+---------------------------------------------------------+
; Analysis & Synthesis Resource Usage Summary             ;
+---------------------------------------------+-----------+
; Resource                                    ; Usage     ;
+---------------------------------------------+-----------+
; Estimate of Logic utilization (ALMs needed) ; 52        ;
;                                             ;           ;
; Combinational ALUT usage for logic          ; 99        ;
;     -- 7 input functions                    ; 0         ;
;     -- 6 input functions                    ; 5         ;
;     -- 5 input functions                    ; 1         ;
;     -- 4 input functions                    ; 1         ;
;     -- <=3 input functions                  ; 92        ;
;                                             ;           ;
; Dedicated logic registers                   ; 47        ;
;                                             ;           ;
; I/O pins                                    ; 48        ;
;                                             ;           ;
; Total DSP Blocks                            ; 0         ;
;                                             ;           ;
; Maximum fan-out node                        ; clk~input ;
; Maximum fan-out                             ; 47        ;
; Total fan-out                               ; 540       ;
; Average fan-out                             ; 2.23      ;
+---------------------------------------------+-----------+


+-----------------------------------------------------------------------------------------------------------------------------------------------------------------------------------------------------------------------------+
; Analysis & Synthesis Resource Utilization by Entity                                                                                                                                                                         ;
+-------------------------------+---------------------+---------------------------+-------------------+------------+------+--------------+-----------------------------------------------+---------------------+--------------+
; Compilation Hierarchy Node    ; Combinational ALUTs ; Dedicated Logic Registers ; Block Memory Bits ; DSP Blocks ; Pins ; Virtual Pins ; Full Hierarchy Name                           ; Entity Name         ; Library Name ;
+-------------------------------+---------------------+---------------------------+-------------------+------------+------+--------------+-----------------------------------------------+---------------------+--------------+
; |RotateOnSixDisplays          ; 99 (57)             ; 47 (47)                   ; 0                 ; 0          ; 48   ; 0            ; |RotateOnSixDisplays                          ; RotateOnSixDisplays ; work         ;
;    |display_7seg:display_7_1| ; 7 (7)               ; 0 (0)                     ; 0                 ; 0          ; 0    ; 0            ; |RotateOnSixDisplays|display_7seg:display_7_1 ; display_7seg        ; work         ;
;    |display_7seg:display_7_2| ; 7 (7)               ; 0 (0)                     ; 0                 ; 0          ; 0    ; 0            ; |RotateOnSixDisplays|display_7seg:display_7_2 ; display_7seg        ; work         ;
;    |display_7seg:display_7_3| ; 7 (7)               ; 0 (0)                     ; 0                 ; 0          ; 0    ; 0            ; |RotateOnSixDisplays|display_7seg:display_7_3 ; display_7seg        ; work         ;
;    |display_7seg:display_7_4| ; 7 (7)               ; 0 (0)                     ; 0                 ; 0          ; 0    ; 0            ; |RotateOnSixDisplays|display_7seg:display_7_4 ; display_7seg        ; work         ;
;    |display_7seg:display_7_5| ; 7 (7)               ; 0 (0)                     ; 0                 ; 0          ; 0    ; 0            ; |RotateOnSixDisplays|display_7seg:display_7_5 ; display_7seg        ; work         ;
;    |display_7seg:display_7_6| ; 7 (7)               ; 0 (0)                     ; 0                 ; 0          ; 0    ; 0            ; |RotateOnSixDisplays|display_7seg:display_7_6 ; display_7seg        ; work         ;
+-------------------------------+---------------------+---------------------------+-------------------+------------+------+--------------+-----------------------------------------------+---------------------+--------------+
Note: For table entries with two numbers listed, the numbers in parentheses indicate the number of resources of the given type used by the specific entity alone. The numbers listed outside of parentheses indicate the total resources of the given type used by the specific entity and all of its sub-entities in the hierarchy.


+-----------------------------------------------------------------+
; Registers Removed During Synthesis                              ;
+---------------------------------------+-------------------------+
; Register name                         ; Reason for Removal      ;
+---------------------------------------+-------------------------+
; display1[3]                           ; Merged with display1[2] ;
; display2[3]                           ; Merged with display2[2] ;
; display3[3]                           ; Merged with display3[2] ;
; display4[3]                           ; Merged with display4[2] ;
; display5[3]                           ; Merged with display5[2] ;
; display6[3]                           ; Merged with display6[2] ;
; Total Number of Removed Registers = 6 ;                         ;
+---------------------------------------+-------------------------+


+------------------------------------------------------+
; General Register Statistics                          ;
+----------------------------------------------+-------+
; Statistic                                    ; Value ;
+----------------------------------------------+-------+
; Total registers                              ; 47    ;
; Number of registers using Synchronous Clear  ; 26    ;
; Number of registers using Synchronous Load   ; 0     ;
; Number of registers using Asynchronous Clear ; 0     ;
; Number of registers using Asynchronous Load  ; 0     ;
; Number of registers using Clock Enable       ; 47    ;
; Number of registers using Preset             ; 0     ;
+----------------------------------------------+-------+


+------------------------------------------------------------------------------------------------------------------------------------------------------+
; Multiplexer Restructuring Statistics (Restructuring Performed)                                                                                       ;
+--------------------+-----------+---------------+----------------------+------------------------+------------+----------------------------------------+
; Multiplexer Inputs ; Bus Width ; Baseline Area ; Area if Restructured ; Saving if Restructured ; Registered ; Example Multiplexer Output             ;
+--------------------+-----------+---------------+----------------------+------------------------+------------+----------------------------------------+
; 3:1                ; 3 bits    ; 6 LEs         ; 3 LEs                ; 3 LEs                  ; Yes        ; |RotateOnSixDisplays|displayCounter[0] ;
; 4:1                ; 26 bits   ; 52 LEs        ; 0 LEs                ; 52 LEs                 ; Yes        ; |RotateOnSixDisplays|fpgaCounter[6]    ;
+--------------------+-----------+---------------+----------------------+------------------------+------------+----------------------------------------+


+-----------------------------------------------------+
; Post-Synthesis Netlist Statistics for Top Partition ;
+-----------------------+-----------------------------+
; Type                  ; Count                       ;
+-----------------------+-----------------------------+
; arriav_ff             ; 47                          ;
;     ENA               ; 21                          ;
;     ENA SCLR          ; 26                          ;
; arriav_lcell_comb     ; 105                         ;
;     arith             ; 26                          ;
;         1 data inputs ; 26                          ;
;     normal            ; 79                          ;
;         1 data inputs ; 6                           ;
;         2 data inputs ; 8                           ;
;         3 data inputs ; 58                          ;
;         4 data inputs ; 1                           ;
;         5 data inputs ; 1                           ;
;         6 data inputs ; 5                           ;
; boundary_port         ; 48                          ;
;                       ;                             ;
; Max LUT depth         ; 3.50                        ;
; Average LUT depth     ; 2.08                        ;
+-----------------------+-----------------------------+


+-------------------------------+
; Elapsed Time Per Partition    ;
+----------------+--------------+
; Partition Name ; Elapsed Time ;
+----------------+--------------+
; Top            ; 00:00:00     ;
+----------------+--------------+


+-------------------------------+
; Analysis & Synthesis Messages ;
+-------------------------------+
Info: *******************************************************************
Info: Running Quartus Prime Analysis & Synthesis
    Info: Version 21.1.0 Build 842 10/21/2021 SJ Lite Edition
    Info: Processing started: Tue Sep 17 17:01:28 2024
Info: Command: quartus_map --read_settings_files=on --write_settings_files=off RotateOnSixDisplays -c RotateOnSixDisplays
Warning (18236): Number of processors has not been specified which may cause overloading on shared machines.  Set the global assignment NUM_PARALLEL_PROCESSORS in your QSF to an appropriate value for best performance.
Info (20030): Parallel compilation is enabled and will use 4 of the 4 processors detected
Info (12021): Found 2 design units, including 1 entities, in source file display_7seg.vhd
    Info (12022): Found design unit 1: display_7seg-bdf_type File: C:/Users/15484075/Downloads/part1/part2/display_7seg.vhd Line: 23
    Info (12023): Found entity 1: display_7seg File: C:/Users/15484075/Downloads/part1/part2/display_7seg.vhd Line: 6
Warning (12019): Can't analyze file -- file 8-bit_counter.vhd is missing
Warning (12125): Using design file rotateonsixdisplays.vhd, which is not specified as a design file for the current project, but contains definitions for 2 design units and 1 entities in project
    Info (12022): Found design unit 1: RotateOnSixDisplays-Behavioral File: C:/Users/15484075/Downloads/part1/part2/rotateonsixdisplays.vhd Line: 57
    Info (12023): Found entity 1: RotateOnSixDisplays File: C:/Users/15484075/Downloads/part1/part2/rotateonsixdisplays.vhd Line: 6
Info (12127): Elaborating entity "RotateOnSixDisplays" for the top level hierarchy
Info (12128): Elaborating entity "display_7seg" for hierarchy "display_7seg:display_7_1" File: C:/Users/15484075/Downloads/part1/part2/rotateonsixdisplays.vhd Line: 121
Warning (10036): Verilog HDL or VHDL warning at display_7seg.vhd(44): object "fio_numero8" assigned a value but never read File: C:/Users/15484075/Downloads/part1/part2/display_7seg.vhd Line: 44
Warning (10492): VHDL Process Statement warning at display_7seg.vhd(69): signal "fio_numero1" is read inside the Process Statement but isn't in the Process Statement's sensitivity list File: C:/Users/15484075/Downloads/part1/part2/display_7seg.vhd Line: 69
Warning (10492): VHDL Process Statement warning at display_7seg.vhd(69): signal "fio_numeroB" is read inside the Process Statement but isn't in the Process Statement's sensitivity list File: C:/Users/15484075/Downloads/part1/part2/display_7seg.vhd Line: 69
Warning (10492): VHDL Process Statement warning at display_7seg.vhd(69): signal "fio_numeroD" is read inside the Process Statement but isn't in the Process Statement's sensitivity list File: C:/Users/15484075/Downloads/part1/part2/display_7seg.vhd Line: 69
Warning (10492): VHDL Process Statement warning at display_7seg.vhd(69): signal "fio_numero4" is read inside the Process Statement but isn't in the Process Statement's sensitivity list File: C:/Users/15484075/Downloads/part1/part2/display_7seg.vhd Line: 69
Warning (10492): VHDL Process Statement warning at display_7seg.vhd(70): signal "fio_numero5" is read inside the Process Statement but isn't in the Process Statement's sensitivity list File: C:/Users/15484075/Downloads/part1/part2/display_7seg.vhd Line: 70
Warning (10492): VHDL Process Statement warning at display_7seg.vhd(70): signal "fio_numeroB" is read inside the Process Statement but isn't in the Process Statement's sensitivity list File: C:/Users/15484075/Downloads/part1/part2/display_7seg.vhd Line: 70
Warning (10492): VHDL Process Statement warning at display_7seg.vhd(70): signal "fio_numero6" is read inside the Process Statement but isn't in the Process Statement's sensitivity list File: C:/Users/15484075/Downloads/part1/part2/display_7seg.vhd Line: 70
Warning (10492): VHDL Process Statement warning at display_7seg.vhd(70): signal "fio_numeroC" is read inside the Process Statement but isn't in the Process Statement's sensitivity list File: C:/Users/15484075/Downloads/part1/part2/display_7seg.vhd Line: 70
Warning (10492): VHDL Process Statement warning at display_7seg.vhd(70): signal "fio_numeroE" is read inside the Process Statement but isn't in the Process Statement's sensitivity list File: C:/Users/15484075/Downloads/part1/part2/display_7seg.vhd Line: 70
Warning (10492): VHDL Process Statement warning at display_7seg.vhd(70): signal "fio_numeroF" is read inside the Process Statement but isn't in the Process Statement's sensitivity list File: C:/Users/15484075/Downloads/part1/part2/display_7seg.vhd Line: 70
Warning (10492): VHDL Process Statement warning at display_7seg.vhd(71): signal "fio_numero2" is read inside the Process Statement but isn't in the Process Statement's sensitivity list File: C:/Users/15484075/Downloads/part1/part2/display_7seg.vhd Line: 71
Warning (10492): VHDL Process Statement warning at display_7seg.vhd(71): signal "fio_numeroE" is read inside the Process Statement but isn't in the Process Statement's sensitivity list File: C:/Users/15484075/Downloads/part1/part2/display_7seg.vhd Line: 71
Warning (10492): VHDL Process Statement warning at display_7seg.vhd(71): signal "fio_numeroF" is read inside the Process Statement but isn't in the Process Statement's sensitivity list File: C:/Users/15484075/Downloads/part1/part2/display_7seg.vhd Line: 71
Warning (10492): VHDL Process Statement warning at display_7seg.vhd(71): signal "fio_numeroC" is read inside the Process Statement but isn't in the Process Statement's sensitivity list File: C:/Users/15484075/Downloads/part1/part2/display_7seg.vhd Line: 71
Warning (10492): VHDL Process Statement warning at display_7seg.vhd(72): signal "fio_numero4" is read inside the Process Statement but isn't in the Process Statement's sensitivity list File: C:/Users/15484075/Downloads/part1/part2/display_7seg.vhd Line: 72
Warning (10492): VHDL Process Statement warning at display_7seg.vhd(72): signal "fio_numero1" is read inside the Process Statement but isn't in the Process Statement's sensitivity list File: C:/Users/15484075/Downloads/part1/part2/display_7seg.vhd Line: 72
Warning (10492): VHDL Process Statement warning at display_7seg.vhd(73): signal "SYNTHESIZED_WIRE_0" is read inside the Process Statement but isn't in the Process Statement's sensitivity list File: C:/Users/15484075/Downloads/part1/part2/display_7seg.vhd Line: 73
Warning (10492): VHDL Process Statement warning at display_7seg.vhd(73): signal "fio_numeroA" is read inside the Process Statement but isn't in the Process Statement's sensitivity list File: C:/Users/15484075/Downloads/part1/part2/display_7seg.vhd Line: 73
Warning (10492): VHDL Process Statement warning at display_7seg.vhd(73): signal "fio_numeroF" is read inside the Process Statement but isn't in the Process Statement's sensitivity list File: C:/Users/15484075/Downloads/part1/part2/display_7seg.vhd Line: 73
Warning (10492): VHDL Process Statement warning at display_7seg.vhd(73): signal "fio_numero7" is read inside the Process Statement but isn't in the Process Statement's sensitivity list File: C:/Users/15484075/Downloads/part1/part2/display_7seg.vhd Line: 73
Warning (10492): VHDL Process Statement warning at display_7seg.vhd(74): signal "fio_numero1" is read inside the Process Statement but isn't in the Process Statement's sensitivity list File: C:/Users/15484075/Downloads/part1/part2/display_7seg.vhd Line: 74
Warning (10492): VHDL Process Statement warning at display_7seg.vhd(74): signal "fio_numero4" is read inside the Process Statement but isn't in the Process Statement's sensitivity list File: C:/Users/15484075/Downloads/part1/part2/display_7seg.vhd Line: 74
Warning (10492): VHDL Process Statement warning at display_7seg.vhd(74): signal "fio_numero3" is read inside the Process Statement but isn't in the Process Statement's sensitivity list File: C:/Users/15484075/Downloads/part1/part2/display_7seg.vhd Line: 74
Warning (10492): VHDL Process Statement warning at display_7seg.vhd(74): signal "fio_numero5" is read inside the Process Statement but isn't in the Process Statement's sensitivity list File: C:/Users/15484075/Downloads/part1/part2/display_7seg.vhd Line: 74
Warning (10492): VHDL Process Statement warning at display_7seg.vhd(74): signal "fio_numero7" is read inside the Process Statement but isn't in the Process Statement's sensitivity list File: C:/Users/15484075/Downloads/part1/part2/display_7seg.vhd Line: 74
Warning (10492): VHDL Process Statement warning at display_7seg.vhd(74): signal "fio_numero9" is read inside the Process Statement but isn't in the Process Statement's sensitivity list File: C:/Users/15484075/Downloads/part1/part2/display_7seg.vhd Line: 74
Warning (10492): VHDL Process Statement warning at display_7seg.vhd(75): signal "fio_numero2" is read inside the Process Statement but isn't in the Process Statement's sensitivity list File: C:/Users/15484075/Downloads/part1/part2/display_7seg.vhd Line: 75
Warning (10492): VHDL Process Statement warning at display_7seg.vhd(75): signal "fio_numero1" is read inside the Process Statement but isn't in the Process Statement's sensitivity list File: C:/Users/15484075/Downloads/part1/part2/display_7seg.vhd Line: 75
Warning (10492): VHDL Process Statement warning at display_7seg.vhd(76): signal "SYNTHESIZED_WIRE_1" is read inside the Process Statement but isn't in the Process Statement's sensitivity list File: C:/Users/15484075/Downloads/part1/part2/display_7seg.vhd Line: 76
Warning (10492): VHDL Process Statement warning at display_7seg.vhd(76): signal "fio_numero7" is read inside the Process Statement but isn't in the Process Statement's sensitivity list File: C:/Users/15484075/Downloads/part1/part2/display_7seg.vhd Line: 76
Warning (10492): VHDL Process Statement warning at display_7seg.vhd(76): signal "fio_numeroD" is read inside the Process Statement but isn't in the Process Statement's sensitivity list File: C:/Users/15484075/Downloads/part1/part2/display_7seg.vhd Line: 76
Warning (10492): VHDL Process Statement warning at display_7seg.vhd(76): signal "fio_numero3" is read inside the Process Statement but isn't in the Process Statement's sensitivity list File: C:/Users/15484075/Downloads/part1/part2/display_7seg.vhd Line: 76
Warning (10492): VHDL Process Statement warning at display_7seg.vhd(77): signal "fio_numero0" is read inside the Process Statement but isn't in the Process Statement's sensitivity list File: C:/Users/15484075/Downloads/part1/part2/display_7seg.vhd Line: 77
Warning (10492): VHDL Process Statement warning at display_7seg.vhd(77): signal "fio_numero7" is read inside the Process Statement but isn't in the Process Statement's sensitivity list File: C:/Users/15484075/Downloads/part1/part2/display_7seg.vhd Line: 77
Warning (10492): VHDL Process Statement warning at display_7seg.vhd(77): signal "fio_numeroC" is read inside the Process Statement but isn't in the Process Statement's sensitivity list File: C:/Users/15484075/Downloads/part1/part2/display_7seg.vhd Line: 77
Warning (10492): VHDL Process Statement warning at display_7seg.vhd(77): signal "fio_numero1" is read inside the Process Statement but isn't in the Process Statement's sensitivity list File: C:/Users/15484075/Downloads/part1/part2/display_7seg.vhd Line: 77
Warning (10492): VHDL Process Statement warning at display_7seg.vhd(79): signal "fio_numeroF" is read inside the Process Statement but isn't in the Process Statement's sensitivity list File: C:/Users/15484075/Downloads/part1/part2/display_7seg.vhd Line: 79
Info (286030): Timing-Driven Synthesis is running
Info (16010): Generating hard_block partition "hard_block:auto_generated_inst"
    Info (16011): Adding 0 node(s), including 0 DDIO, 0 PLL, 0 transceiver and 0 LCELL
Info (21057): Implemented 147 device resources after synthesis - the final resource count might be different
    Info (21058): Implemented 3 input pins
    Info (21059): Implemented 45 output pins
    Info (21061): Implemented 99 logic cells
Info: Quartus Prime Analysis & Synthesis was successful. 0 errors, 41 warnings
    Info: Peak virtual memory: 4874 megabytes
    Info: Processing ended: Tue Sep 17 17:01:37 2024
    Info: Elapsed time: 00:00:09
    Info: Total CPU time (on all processors): 00:00:18


